<?xml version="1.0" encoding="UTF-8"?>
<!-- Generated by org.testng.reporters.JUnitXMLReporter -->
<testsuite ignored="16" hostname="DESKTOP-3O6IDQ0" failures="0" tests="10" name="MarketingSuit" time="205.002" errors="0" timestamp="2023-10-28T18:58:26 IST">
  <testcase classname="com.eva.vtiger.testscripts.MarketingAccountTestScripts" name="verifyVT001CreateAccount" time="22.187"/>
  <testcase classname="com.eva.vtiger.testscripts.MarketingAccountTestScripts" name="verifyVT002DeleteAccount" time="17.257"/>
  <testcase classname="com.eva.vtiger.testscripts.MarketingAccountTestScripts" name="verifyVT003SearchAccount" time="21.579"/>
  <testcase classname="com.eva.vtiger.testscripts.MarketingAccountTestScripts" name="verifyVT004DuplicateAccount" time="16.364"/>
  <testcase classname="com.eva.vtiger.testscripts.MarketingAccountTestScripts" name="verifyVT005AccountEditable" time="16.353"/>
  <testcase classname="com.eva.vtiger.testscripts.MarketingLeadsTestScripts" name="verifyVT007SearchLeads" time="22.15"/>
  <testcase classname="com.eva.vtiger.testscripts.MarketingLeadsTestScripts" name="verifyVT008CreateLeads" time="17.124"/>
  <testcase classname="com.eva.vtiger.testscripts.MarketingLeadsTestScripts" name="verifyVT009DeleteLead" time="18.247"/>
  <testcase classname="com.eva.vtiger.testscripts.TestingTestng" name="test1" time="0.0"/>
  <testcase classname="com.eva.vtiger.testscripts.TestingTestng" name="test2" time="0.007"/>
  <testcase classname="com.eva.vtiger.testscripts.BaseTest" name="@BeforeSuite beforeSuite" time="0.0">
    <ignored/>
  </testcase> <!-- @BeforeSuite beforeSuite -->
  <testcase classname="com.eva.vtiger.testscripts.BaseTest" name="@AfterTest afterTestTag" time="0.0">
    <ignored/>
  </testcase> <!-- @AfterTest afterTestTag -->
  <testcase classname="com.eva.vtiger.testscripts.BaseTest" name="@BeforeTest beforeTestTag" time="0.0">
    <ignored/>
  </testcase> <!-- @BeforeTest beforeTestTag -->
  <testcase classname="com.eva.vtiger.testscripts.BaseTest" name="@AfterSuite afterSuite" time="0.0">
    <ignored/>
  </testcase> <!-- @AfterSuite afterSuite -->
  <testcase classname="com.eva.vtiger.testscripts.BaseTest" name="@BeforeSuite beforeSuite" time="0.0">
    <ignored/>
  </testcase> <!-- @BeforeSuite beforeSuite -->
  <testcase classname="com.eva.vtiger.testscripts.BaseTest" name="@AfterSuite afterSuite" time="0.0">
    <ignored/>
  </testcase> <!-- @AfterSuite afterSuite -->
  <testcase classname="com.eva.vtiger.testscripts.BaseTest" name="@BeforeSuite beforeSuite" time="0.0">
    <ignored/>
  </testcase> <!-- @BeforeSuite beforeSuite -->
  <testcase classname="com.eva.vtiger.testscripts.BaseTest" name="@BeforeSuite beforeSuite" time="0.0">
    <ignored/>
  </testcase> <!-- @BeforeSuite beforeSuite -->
  <testcase classname="com.eva.vtiger.testscripts.BaseTest" name="@AfterTest afterTestTag" time="0.0">
    <ignored/>
  </testcase> <!-- @AfterTest afterTestTag -->
  <testcase classname="com.eva.vtiger.testscripts.BaseTest" name="@AfterTest afterTestTag" time="0.0">
    <ignored/>
  </testcase> <!-- @AfterTest afterTestTag -->
  <testcase classname="com.eva.vtiger.testscripts.BaseTest" name="@BeforeTest beforeTestTag" time="0.0">
    <ignored/>
  </testcase> <!-- @BeforeTest beforeTestTag -->
  <testcase classname="com.eva.vtiger.testscripts.BaseTest" name="@AfterTest afterTestTag" time="0.0">
    <ignored/>
  </testcase> <!-- @AfterTest afterTestTag -->
  <testcase classname="com.eva.vtiger.testscripts.BaseTest" name="@BeforeTest beforeTestTag" time="0.0">
    <ignored/>
  </testcase> <!-- @BeforeTest beforeTestTag -->
  <testcase classname="com.eva.vtiger.testscripts.BaseTest" name="@AfterSuite afterSuite" time="0.0">
    <ignored/>
  </testcase> <!-- @AfterSuite afterSuite -->
  <testcase classname="com.eva.vtiger.testscripts.BaseTest" name="@AfterSuite afterSuite" time="0.0">
    <ignored/>
  </testcase> <!-- @AfterSuite afterSuite -->
  <testcase classname="com.eva.vtiger.testscripts.BaseTest" name="@BeforeTest beforeTestTag" time="0.0">
    <ignored/>
  </testcase> <!-- @BeforeTest beforeTestTag -->
</testsuite> <!-- MarketingSuit -->
