<?xml version="1.0" encoding="UTF-8"?>
<!-- Generated by org.testng.reporters.JUnitXMLReporter -->
<testsuite ignored="3" hostname="DESKTOP-3O6IDQ0" failures="0" tests="6" name="Test" time="201.542" errors="0" timestamp="2024-01-20T16:01:03 IST">
  <testcase classname="com.eva.vtiger.testscripts.MarketingAccountTestScripts" name="verifyVT001CreateAccount" time="30.349"/>
  <testcase classname="com.eva.vtiger.testscripts.MarketingAccountTestScripts" name="verifyVT002DeleteAccount" time="25.986"/>
  <testcase classname="com.eva.vtiger.testscripts.MarketingAccountTestScripts" name="verifyVT004DuplicateAccount" time="23.275"/>
  <testcase classname="com.eva.vtiger.testscripts.MarketingLeadsTestScripts" name="verifyVT007SearchLeads" time="23.623"/>
  <testcase classname="com.eva.vtiger.testscripts.MarketingLeadsTestScripts" name="verifyVT008CreateLeads" time="24.554"/>
  <testcase classname="com.eva.vtiger.testscripts.MarketingLeadsTestScripts" name="verifyVT009DeleteLead" time="24.134"/>
  <testcase classname="com.eva.vtiger.testscripts.MarketingAccountTestScripts" name="verifyVT005AccountEditable" time="0.0">
    <ignored/>
  </testcase> <!-- verifyVT005AccountEditable -->
  <testcase classname="com.eva.vtiger.testscripts.MarketingAccountTestScripts" name="verifyVT003SearchAccount" time="0.0">
    <ignored/>
  </testcase> <!-- verifyVT003SearchAccount -->
  <testcase classname="com.eva.vtiger.testscripts.MarketingLeadsTestScripts" name="verifyVT010LeadsTableLinks" time="0.0">
    <ignored/>
  </testcase> <!-- verifyVT010LeadsTableLinks -->
</testsuite> <!-- Test -->
